{"/Users/f/projects/concert-app/backend/src/app.controller.ts": {"path":"/Users/f/projects/concert-app/backend/src/app.controller.ts","statementMap":{"0":{"start":{"line":1,"column":0},"end":{"line":1,"column":49}},"1":{"start":{"line":2,"column":0},"end":{"line":2,"column":43}},"2":{"start":{"line":5,"column":7},"end":{"line":12,"column":null}},"3":{"start":{"line":6,"column":31},"end":{"line":6,"column":43}},"4":{"start":{"line":10,"column":4},"end":{"line":10,"column":38}},"5":{"start":{"line":5,"column":13},"end":{"line":5,"column":26}},"6":{"start":{"line":9,"column":2},"end":{"line":11,"column":null}},"7":{"start":{"line":5,"column":13},"end":{"line":12,"column":null}}},"fnMap":{"0":{"name":"(anonymous_2)","decl":{"start":{"line":6,"column":2},"end":{"line":6,"column":31}},"loc":{"start":{"line":6,"column":53},"end":{"line":6,"column":57}}},"1":{"name":"(anonymous_3)","decl":{"start":{"line":9,"column":2},"end":{"line":9,"column":10}},"loc":{"start":{"line":9,"column":10},"end":{"line":11,"column":3}}}},"branchMap":{"0":{"loc":{"start":{"line":6,"column":43},"end":{"line":6,"column":56}},"type":"cond-expr","locations":[{"start":{"line":6,"column":53},"end":{"line":6,"column":56}},{"start":{"line":6,"column":53},"end":{"line":6,"column":56}}]},"1":{"loc":{"start":{"line":6,"column":43},"end":{"line":6,"column":53}},"type":"binary-expr","locations":[{"start":{"line":6,"column":43},"end":{"line":6,"column":56}},{"start":{"line":6,"column":43},"end":{"line":6,"column":53}}]}},"s":{"0":1,"1":1,"2":1,"3":1,"4":1,"5":1,"6":1,"7":1},"f":{"0":1,"1":1},"b":{"0":[1,0],"1":[1,1]}}
,"/Users/f/projects/concert-app/backend/src/app.module.ts": {"path":"/Users/f/projects/concert-app/backend/src/app.module.ts","statementMap":{"0":{"start":{"line":1,"column":0},"end":{"line":1,"column":40}},"1":{"start":{"line":2,"column":0},"end":{"line":2,"column":49}},"2":{"start":{"line":3,"column":0},"end":{"line":3,"column":43}},"3":{"start":{"line":4,"column":0},"end":{"line":4,"column":48}},"4":{"start":{"line":5,"column":0},"end":{"line":5,"column":60}},"5":{"start":{"line":6,"column":0},"end":{"line":6,"column":51}},"6":{"start":{"line":7,"column":0},"end":{"line":7,"column":63}},"7":{"start":{"line":8,"column":0},"end":{"line":8,"column":52}},"8":{"start":{"line":9,"column":0},"end":{"line":9,"column":63}},"9":{"start":{"line":30,"column":7},"end":{"line":30,"column":null}},"10":{"start":{"line":30,"column":13},"end":{"line":30,"column":22}},"11":{"start":{"line":30,"column":13},"end":{"line":30,"column":null}}},"fnMap":{},"branchMap":{},"s":{"0":0,"1":0,"2":0,"3":0,"4":0,"5":0,"6":0,"7":0,"8":0,"9":0,"10":0,"11":0},"f":{},"b":{}}
,"/Users/f/projects/concert-app/backend/src/app.service.ts": {"path":"/Users/f/projects/concert-app/backend/src/app.service.ts","statementMap":{"0":{"start":{"line":1,"column":0},"end":{"line":1,"column":44}},"1":{"start":{"line":4,"column":7},"end":{"line":8,"column":null}},"2":{"start":{"line":6,"column":4},"end":{"line":6,"column":34}},"3":{"start":{"line":4,"column":13},"end":{"line":4,"column":23}},"4":{"start":{"line":4,"column":13},"end":{"line":8,"column":null}}},"fnMap":{"0":{"name":"(anonymous_1)","decl":{"start":{"line":5,"column":2},"end":{"line":5,"column":10}},"loc":{"start":{"line":5,"column":10},"end":{"line":7,"column":3}}}},"branchMap":{},"s":{"0":1,"1":1,"2":1,"3":1,"4":1},"f":{"0":1},"b":{}}
,"/Users/f/projects/concert-app/backend/src/main.ts": {"path":"/Users/f/projects/concert-app/backend/src/main.ts","statementMap":{"0":{"start":{"line":1,"column":0},"end":{"line":1,"column":43}},"1":{"start":{"line":2,"column":0},"end":{"line":2,"column":41}},"2":{"start":{"line":5,"column":14},"end":{"line":5,"column":49}},"3":{"start":{"line":6,"column":2},"end":{"line":10,"column":5}},"4":{"start":{"line":11,"column":2},"end":{"line":11,"column":45}},"5":{"start":{"line":13,"column":0},"end":{"line":13,"column":12}}},"fnMap":{"0":{"name":"bootstrap","decl":{"start":{"line":4,"column":15},"end":{"line":4,"column":24}},"loc":{"start":{"line":4,"column":24},"end":{"line":12,"column":1}}}},"branchMap":{"0":{"loc":{"start":{"line":11,"column":19},"end":{"line":11,"column":43}},"type":"binary-expr","locations":[{"start":{"line":11,"column":19},"end":{"line":11,"column":35}},{"start":{"line":11,"column":39},"end":{"line":11,"column":43}}]}},"s":{"0":0,"1":0,"2":0,"3":0,"4":0,"5":0},"f":{"0":0},"b":{"0":[0,0]}}
,"/Users/f/projects/concert-app/backend/src/concerts/concerts.controller.ts": {"path":"/Users/f/projects/concert-app/backend/src/concerts/concerts.controller.ts","statementMap":{"0":{"start":{"line":1,"column":0},"end":{"line":1,"column":83}},"1":{"start":{"line":2,"column":0},"end":{"line":2,"column":53}},"2":{"start":{"line":3,"column":0},"end":{"line":3,"column":60}},"3":{"start":{"line":5,"column":0},"end":{"line":5,"column":62}},"4":{"start":{"line":6,"column":0},"end":{"line":6,"column":60}},"5":{"start":{"line":9,"column":7},"end":{"line":47,"column":null}},"6":{"start":{"line":10,"column":31},"end":{"line":10,"column":48}},"7":{"start":{"line":14,"column":4},"end":{"line":14,"column":57}},"8":{"start":{"line":19,"column":4},"end":{"line":19,"column":42}},"9":{"start":{"line":24,"column":4},"end":{"line":24,"column":45}},"10":{"start":{"line":32,"column":4},"end":{"line":32,"column":61}},"11":{"start":{"line":40,"column":4},"end":{"line":40,"column":60}},"12":{"start":{"line":45,"column":4},"end":{"line":45,"column":44}},"13":{"start":{"line":9,"column":13},"end":{"line":9,"column":31}},"14":{"start":{"line":13,"column":2},"end":{"line":15,"column":null}},"15":{"start":{"line":18,"column":2},"end":{"line":20,"column":null}},"16":{"start":{"line":23,"column":2},"end":{"line":25,"column":null}},"17":{"start":{"line":28,"column":2},"end":{"line":33,"column":null}},"18":{"start":{"line":36,"column":2},"end":{"line":41,"column":null}},"19":{"start":{"line":44,"column":2},"end":{"line":46,"column":null}},"20":{"start":{"line":9,"column":13},"end":{"line":47,"column":null}}},"fnMap":{"0":{"name":"(anonymous_4)","decl":{"start":{"line":10,"column":2},"end":{"line":10,"column":31}},"loc":{"start":{"line":10,"column":63},"end":{"line":10,"column":68}}},"1":{"name":"(anonymous_5)","decl":{"start":{"line":13,"column":2},"end":{"line":13,"column":8}},"loc":{"start":{"line":13,"column":51},"end":{"line":15,"column":3}}},"2":{"name":"(anonymous_6)","decl":{"start":{"line":18,"column":2},"end":{"line":18,"column":9}},"loc":{"start":{"line":18,"column":9},"end":{"line":20,"column":3}}},"3":{"name":"(anonymous_7)","decl":{"start":{"line":23,"column":2},"end":{"line":23,"column":9}},"loc":{"start":{"line":23,"column":33},"end":{"line":25,"column":3}}},"4":{"name":"(anonymous_8)","decl":{"start":{"line":28,"column":2},"end":{"line":28,"column":9}},"loc":{"start":{"line":30,"column":34},"end":{"line":33,"column":3}}},"5":{"name":"(anonymous_9)","decl":{"start":{"line":36,"column":2},"end":{"line":36,"column":8}},"loc":{"start":{"line":38,"column":33},"end":{"line":41,"column":3}}},"6":{"name":"(anonymous_10)","decl":{"start":{"line":44,"column":2},"end":{"line":44,"column":8}},"loc":{"start":{"line":44,"column":32},"end":{"line":46,"column":3}}}},"branchMap":{"0":{"loc":{"start":{"line":13,"column":35},"end":{"line":13,"column":null}},"type":"cond-expr","locations":[{"start":{"line":13,"column":51},"end":{"line":13,"column":null}},{"start":{"line":13,"column":51},"end":{"line":13,"column":null}}]},"1":{"loc":{"start":{"line":13,"column":35},"end":{"line":13,"column":51}},"type":"binary-expr","locations":[{"start":{"line":13,"column":35},"end":{"line":13,"column":null}},{"start":{"line":13,"column":35},"end":{"line":13,"column":51}}]},"2":{"loc":{"start":{"line":30,"column":17},"end":{"line":30,"column":null}},"type":"cond-expr","locations":[{"start":{"line":30,"column":34},"end":{"line":30,"column":null}},{"start":{"line":30,"column":34},"end":{"line":30,"column":null}}]},"3":{"loc":{"start":{"line":30,"column":17},"end":{"line":30,"column":34}},"type":"binary-expr","locations":[{"start":{"line":30,"column":17},"end":{"line":30,"column":null}},{"start":{"line":30,"column":17},"end":{"line":30,"column":34}}]},"4":{"loc":{"start":{"line":38,"column":17},"end":{"line":38,"column":null}},"type":"cond-expr","locations":[{"start":{"line":38,"column":33},"end":{"line":38,"column":null}},{"start":{"line":38,"column":33},"end":{"line":38,"column":null}}]},"5":{"loc":{"start":{"line":38,"column":17},"end":{"line":38,"column":33}},"type":"binary-expr","locations":[{"start":{"line":38,"column":17},"end":{"line":38,"column":null}},{"start":{"line":38,"column":17},"end":{"line":38,"column":33}}]},"6":{"loc":{"start":{"line":10,"column":48},"end":{"line":10,"column":67}},"type":"cond-expr","locations":[{"start":{"line":10,"column":63},"end":{"line":10,"column":67}},{"start":{"line":10,"column":63},"end":{"line":10,"column":67}}]},"7":{"loc":{"start":{"line":10,"column":48},"end":{"line":10,"column":63}},"type":"binary-expr","locations":[{"start":{"line":10,"column":48},"end":{"line":10,"column":67}},{"start":{"line":10,"column":48},"end":{"line":10,"column":63}}]}},"s":{"0":1,"1":1,"2":1,"3":1,"4":1,"5":1,"6":7,"7":1,"8":1,"9":1,"10":1,"11":1,"12":1,"13":1,"14":1,"15":1,"16":1,"17":1,"18":1,"19":1,"20":1},"f":{"0":7,"1":1,"2":1,"3":1,"4":1,"5":1,"6":1},"b":{"0":[1,0],"1":[1,1],"2":[1,0],"3":[1,1],"4":[1,0],"5":[1,1],"6":[1,0],"7":[1,1]}}
,"/Users/f/projects/concert-app/backend/src/concerts/concerts.module.ts": {"path":"/Users/f/projects/concert-app/backend/src/concerts/concerts.module.ts","statementMap":{"0":{"start":{"line":1,"column":0},"end":{"line":1,"column":40}},"1":{"start":{"line":2,"column":0},"end":{"line":2,"column":53}},"2":{"start":{"line":3,"column":0},"end":{"line":3,"column":59}},"3":{"start":{"line":4,"column":0},"end":{"line":4,"column":48}},"4":{"start":{"line":5,"column":0},"end":{"line":5,"column":52}},"5":{"start":{"line":6,"column":0},"end":{"line":6,"column":65}},"6":{"start":{"line":13,"column":7},"end":{"line":13,"column":null}},"7":{"start":{"line":13,"column":13},"end":{"line":13,"column":27}},"8":{"start":{"line":13,"column":13},"end":{"line":13,"column":null}}},"fnMap":{},"branchMap":{},"s":{"0":0,"1":0,"2":0,"3":0,"4":0,"5":0,"6":0,"7":0,"8":0},"f":{},"b":{}}
,"/Users/f/projects/concert-app/backend/src/concerts/concerts.service.ts": {"path":"/Users/f/projects/concert-app/backend/src/concerts/concerts.service.ts","statementMap":{"0":{"start":{"line":1,"column":0},"end":{"line":1,"column":114}},"1":{"start":{"line":2,"column":0},"end":{"line":2,"column":51}},"2":{"start":{"line":4,"column":0},"end":{"line":4,"column":52}},"3":{"start":{"line":5,"column":0},"end":{"line":5,"column":55}},"4":{"start":{"line":7,"column":0},"end":{"line":7,"column":67}},"5":{"start":{"line":10,"column":7},"end":{"line":115,"column":null}},"6":{"start":{"line":13,"column":12},"end":{"line":13,"column":32}},"7":{"start":{"line":14,"column":21},"end":{"line":14,"column":39}},"8":{"start":{"line":18,"column":4},"end":{"line":37,"column":5}},"9":{"start":{"line":19,"column":22},"end":{"line":19,"column":70}},"10":{"start":{"line":20,"column":6},"end":{"line":20,"column":57}},"11":{"start":{"line":22,"column":6},"end":{"line":34,"column":7}},"12":{"start":{"line":23,"column":24},"end":{"line":23,"column":36}},"13":{"start":{"line":26,"column":8},"end":{"line":28,"column":9}},"14":{"start":{"line":27,"column":10},"end":{"line":27,"column":71}},"15":{"start":{"line":31,"column":8},"end":{"line":33,"column":9}},"16":{"start":{"line":32,"column":10},"end":{"line":32,"column":66}},"17":{"start":{"line":36,"column":6},"end":{"line":36,"column":73}},"18":{"start":{"line":41,"column":4},"end":{"line":41,"column":42}},"19":{"start":{"line":45,"column":4},"end":{"line":45,"column":50}},"20":{"start":{"line":49,"column":4},"end":{"line":49,"column":50}},"21":{"start":{"line":53,"column":20},"end":{"line":53,"column":67}},"22":{"start":{"line":55,"column":4},"end":{"line":57,"column":5}},"23":{"start":{"line":56,"column":6},"end":{"line":56,"column":55}},"24":{"start":{"line":60,"column":4},"end":{"line":60,"column":49}},"25":{"start":{"line":62,"column":4},"end":{"line":62,"column":29}},"26":{"start":{"line":66,"column":20},"end":{"line":68,"column":6}},"27":{"start":{"line":70,"column":4},"end":{"line":70,"column":48}},"28":{"start":{"line":70,"column":18},"end":{"line":70,"column":48}},"29":{"start":{"line":72,"column":4},"end":{"line":74,"column":5}},"30":{"start":{"line":73,"column":6},"end":{"line":73,"column":56}},"31":{"start":{"line":76,"column":4},"end":{"line":78,"column":5}},"32":{"start":{"line":77,"column":6},"end":{"line":77,"column":55}},"33":{"start":{"line":80,"column":4},"end":{"line":80,"column":39}},"34":{"start":{"line":82,"column":4},"end":{"line":86,"column":7}},"35":{"start":{"line":87,"column":4},"end":{"line":87,"column":49}},"36":{"start":{"line":91,"column":20},"end":{"line":93,"column":6}},"37":{"start":{"line":95,"column":4},"end":{"line":95,"column":48}},"38":{"start":{"line":95,"column":18},"end":{"line":95,"column":48}},"39":{"start":{"line":97,"column":4},"end":{"line":99,"column":5}},"40":{"start":{"line":98,"column":6},"end":{"line":98,"column":52}},"41":{"start":{"line":101,"column":4},"end":{"line":103,"column":6}},"42":{"start":{"line":102,"column":12},"end":{"line":102,"column":25}},"43":{"start":{"line":105,"column":4},"end":{"line":105,"column":40}},"44":{"start":{"line":107,"column":4},"end":{"line":111,"column":7}},"45":{"start":{"line":113,"column":4},"end":{"line":113,"column":49}},"46":{"start":{"line":10,"column":13},"end":{"line":10,"column":28}},"47":{"start":{"line":10,"column":13},"end":{"line":115,"column":null}}},"fnMap":{"0":{"name":"(anonymous_4)","decl":{"start":{"line":11,"column":2},"end":{"line":11,"column":null}},"loc":{"start":{"line":14,"column":55},"end":{"line":15,"column":7}}},"1":{"name":"(anonymous_5)","decl":{"start":{"line":17,"column":2},"end":{"line":17,"column":7}},"loc":{"start":{"line":17,"column":49},"end":{"line":38,"column":3}}},"2":{"name":"(anonymous_6)","decl":{"start":{"line":40,"column":2},"end":{"line":40,"column":9}},"loc":{"start":{"line":40,"column":9},"end":{"line":42,"column":3}}},"3":{"name":"(anonymous_7)","decl":{"start":{"line":44,"column":2},"end":{"line":44,"column":9}},"loc":{"start":{"line":44,"column":20},"end":{"line":46,"column":3}}},"4":{"name":"(anonymous_8)","decl":{"start":{"line":48,"column":2},"end":{"line":48,"column":8}},"loc":{"start":{"line":48,"column":55},"end":{"line":50,"column":3}}},"5":{"name":"(anonymous_9)","decl":{"start":{"line":52,"column":2},"end":{"line":52,"column":7}},"loc":{"start":{"line":52,"column":25},"end":{"line":63,"column":3}}},"6":{"name":"(anonymous_10)","decl":{"start":{"line":65,"column":2},"end":{"line":65,"column":7}},"loc":{"start":{"line":65,"column":53},"end":{"line":88,"column":3}}},"7":{"name":"(anonymous_11)","decl":{"start":{"line":90,"column":2},"end":{"line":90,"column":7}},"loc":{"start":{"line":90,"column":52},"end":{"line":114,"column":3}}},"8":{"name":"(anonymous_12)","decl":{"start":{"line":102,"column":6},"end":{"line":102,"column":8}},"loc":{"start":{"line":102,"column":12},"end":{"line":102,"column":25}}}},"branchMap":{"0":{"loc":{"start":{"line":22,"column":6},"end":{"line":34,"column":7}},"type":"if","locations":[{"start":{"line":22,"column":6},"end":{"line":34,"column":7}},{"start":{},"end":{}}]},"1":{"loc":{"start":{"line":26,"column":8},"end":{"line":28,"column":9}},"type":"if","locations":[{"start":{"line":26,"column":8},"end":{"line":28,"column":9}},{"start":{},"end":{}}]},"2":{"loc":{"start":{"line":31,"column":8},"end":{"line":33,"column":9}},"type":"if","locations":[{"start":{"line":31,"column":8},"end":{"line":33,"column":9}},{"start":{},"end":{}}]},"3":{"loc":{"start":{"line":55,"column":4},"end":{"line":57,"column":5}},"type":"if","locations":[{"start":{"line":55,"column":4},"end":{"line":57,"column":5}},{"start":{},"end":{}}]},"4":{"loc":{"start":{"line":70,"column":4},"end":{"line":70,"column":48}},"type":"if","locations":[{"start":{"line":70,"column":4},"end":{"line":70,"column":48}},{"start":{},"end":{}}]},"5":{"loc":{"start":{"line":72,"column":4},"end":{"line":74,"column":5}},"type":"if","locations":[{"start":{"line":72,"column":4},"end":{"line":74,"column":5}},{"start":{},"end":{}}]},"6":{"loc":{"start":{"line":76,"column":4},"end":{"line":78,"column":5}},"type":"if","locations":[{"start":{"line":76,"column":4},"end":{"line":78,"column":5}},{"start":{},"end":{}}]},"7":{"loc":{"start":{"line":95,"column":4},"end":{"line":95,"column":48}},"type":"if","locations":[{"start":{"line":95,"column":4},"end":{"line":95,"column":48}},{"start":{},"end":{}}]},"8":{"loc":{"start":{"line":97,"column":4},"end":{"line":99,"column":5}},"type":"if","locations":[{"start":{"line":97,"column":4},"end":{"line":99,"column":5}},{"start":{},"end":{}}]},"9":{"loc":{"start":{"line":13,"column":32},"end":{"line":13,"column":51}},"type":"cond-expr","locations":[{"start":{"line":13,"column":42},"end":{"line":13,"column":51}},{"start":{"line":13,"column":42},"end":{"line":13,"column":51}}]},"10":{"loc":{"start":{"line":13,"column":32},"end":{"line":13,"column":42}},"type":"binary-expr","locations":[{"start":{"line":13,"column":32},"end":{"line":13,"column":51}},{"start":{"line":13,"column":32},"end":{"line":13,"column":42}}]},"11":{"loc":{"start":{"line":13,"column":42},"end":{"line":14,"column":null}},"type":"cond-expr","locations":[{"start":{"line":14,"column":55},"end":{"line":14,"column":null}},{"start":{"line":14,"column":55},"end":{"line":14,"column":null}}]},"12":{"loc":{"start":{"line":13,"column":42},"end":{"line":14,"column":55}},"type":"binary-expr","locations":[{"start":{"line":13,"column":42},"end":{"line":14,"column":null}},{"start":{"line":14,"column":39},"end":{"line":14,"column":55}}]}},"s":{"0":2,"1":2,"2":2,"3":2,"4":2,"5":2,"6":14,"7":14,"8":4,"9":4,"10":4,"11":3,"12":2,"13":2,"14":1,"15":1,"16":1,"17":1,"18":1,"19":0,"20":0,"21":2,"22":2,"23":1,"24":1,"25":1,"26":4,"27":4,"28":1,"29":3,"30":1,"31":2,"32":1,"33":1,"34":1,"35":1,"36":3,"37":3,"38":1,"39":2,"40":1,"41":1,"42":1,"43":1,"44":1,"45":1,"46":2,"47":2},"f":{"0":14,"1":4,"2":1,"3":0,"4":0,"5":2,"6":4,"7":3,"8":1},"b":{"0":[2,1],"1":[1,1],"2":[1,0],"3":[1,1],"4":[1,3],"5":[1,2],"6":[1,1],"7":[1,2],"8":[1,1],"9":[2,0],"10":[2,2],"11":[2,0],"12":[2,2]}}
,"/Users/f/projects/concert-app/backend/src/concerts/dto/cancel-concert.dto.ts": {"path":"/Users/f/projects/concert-app/backend/src/concerts/dto/cancel-concert.dto.ts","statementMap":{"0":{"start":{"line":1,"column":0},"end":{"line":1,"column":43}},"1":{"start":{"line":3,"column":0},"end":{"line":3,"column":13}},"2":{"start":{"line":5,"column":2},"end":{"line":5,"column":null}}},"fnMap":{},"branchMap":{},"s":{"0":1,"1":1,"2":1},"f":{},"b":{}}
,"/Users/f/projects/concert-app/backend/src/concerts/dto/create-concert.dto.ts": {"path":"/Users/f/projects/concert-app/backend/src/concerts/dto/create-concert.dto.ts","statementMap":{"0":{"start":{"line":1,"column":0},"end":{"line":1,"column":62}},"1":{"start":{"line":3,"column":0},"end":{"line":3,"column":13}},"2":{"start":{"line":5,"column":4},"end":{"line":5,"column":null}},"3":{"start":{"line":8,"column":4},"end":{"line":8,"column":null}},"4":{"start":{"line":11,"column":4},"end":{"line":11,"column":null}},"5":{"start":{"line":14,"column":4},"end":{"line":14,"column":29}},"6":{"start":{"line":17,"column":4},"end":{"line":17,"column":30}}},"fnMap":{},"branchMap":{},"s":{"0":1,"1":1,"2":1,"3":1,"4":1,"5":1,"6":1},"f":{},"b":{}}
,"/Users/f/projects/concert-app/backend/src/concerts/dto/reserve-concert.dto.ts": {"path":"/Users/f/projects/concert-app/backend/src/concerts/dto/reserve-concert.dto.ts","statementMap":{"0":{"start":{"line":1,"column":0},"end":{"line":1,"column":43}},"1":{"start":{"line":3,"column":0},"end":{"line":3,"column":13}},"2":{"start":{"line":5,"column":2},"end":{"line":5,"column":null}}},"fnMap":{},"branchMap":{},"s":{"0":1,"1":1,"2":1},"f":{},"b":{}}
,"/Users/f/projects/concert-app/backend/src/concerts/dto/update-concert.dto.ts": {"path":"/Users/f/projects/concert-app/backend/src/concerts/dto/update-concert.dto.ts","statementMap":{"0":{"start":{"line":1,"column":0},"end":{"line":1,"column":51}},"1":{"start":{"line":2,"column":0},"end":{"line":2,"column":56}},"2":{"start":{"line":4,"column":0},"end":{"line":4,"column":13}}},"fnMap":{},"branchMap":{},"s":{"0":0,"1":0,"2":0},"f":{},"b":{}}
,"/Users/f/projects/concert-app/backend/src/concerts/entities/concert.entity.ts": {"path":"/Users/f/projects/concert-app/backend/src/concerts/entities/concert.entity.ts","statementMap":{"0":{"start":{"line":1,"column":0},"end":{"line":1,"column":83}},"1":{"start":{"line":4,"column":7},"end":{"line":25,"column":null}},"2":{"start":{"line":4,"column":13},"end":{"line":4,"column":20}},"3":{"start":{"line":6,"column":2},"end":{"line":6,"column":null}},"4":{"start":{"line":9,"column":2},"end":{"line":9,"column":null}},"5":{"start":{"line":12,"column":2},"end":{"line":12,"column":null}},"6":{"start":{"line":15,"column":2},"end":{"line":15,"column":null}},"7":{"start":{"line":18,"column":2},"end":{"line":18,"column":null}},"8":{"start":{"line":21,"column":2},"end":{"line":21,"column":null}},"9":{"start":{"line":24,"column":2},"end":{"line":24,"column":null}},"10":{"start":{"line":4,"column":13},"end":{"line":25,"column":null}}},"fnMap":{},"branchMap":{"0":{"loc":{"start":{"line":24,"column":14},"end":{"line":24,"column":19}},"type":"cond-expr","locations":[{"start":{"line":24,"column":18},"end":{"line":24,"column":19}},{"start":{"line":24,"column":18},"end":{"line":24,"column":19}}]},"1":{"loc":{"start":{"line":24,"column":14},"end":{"line":24,"column":18}},"type":"binary-expr","locations":[{"start":{"line":24,"column":14},"end":{"line":24,"column":19}},{"start":{"line":24,"column":14},"end":{"line":24,"column":18}}]}},"s":{"0":4,"1":4,"2":4,"3":4,"4":4,"5":4,"6":4,"7":4,"8":4,"9":4,"10":4},"f":{},"b":{"0":[4,0],"1":[4,4]}}
,"/Users/f/projects/concert-app/backend/src/database/database.seed.ts": {"path":"/Users/f/projects/concert-app/backend/src/database/database.seed.ts","statementMap":{"0":{"start":{"line":1,"column":0},"end":{"line":1,"column":58}},"1":{"start":{"line":2,"column":0},"end":{"line":2,"column":51}},"2":{"start":{"line":3,"column":0},"end":{"line":3,"column":37}},"3":{"start":{"line":4,"column":0},"end":{"line":4,"column":53}},"4":{"start":{"line":7,"column":7},"end":{"line":29,"column":null}},"5":{"start":{"line":10,"column":25},"end":{"line":10,"column":42}},"6":{"start":{"line":14,"column":29},"end":{"line":16,"column":10}},"7":{"start":{"line":18,"column":8},"end":{"line":27,"column":9}},"8":{"start":{"line":19,"column":25},"end":{"line":21,"column":14}},"9":{"start":{"line":23,"column":12},"end":{"line":23,"column":50}},"10":{"start":{"line":24,"column":12},"end":{"line":24,"column":58}},"11":{"start":{"line":26,"column":12},"end":{"line":26,"column":55}},"12":{"start":{"line":7,"column":13},"end":{"line":7,"column":32}},"13":{"start":{"line":7,"column":13},"end":{"line":29,"column":null}}},"fnMap":{"0":{"name":"(anonymous_4)","decl":{"start":{"line":8,"column":4},"end":{"line":8,"column":null}},"loc":{"start":{"line":10,"column":58},"end":{"line":11,"column":9}}},"1":{"name":"(anonymous_5)","decl":{"start":{"line":13,"column":4},"end":{"line":13,"column":9}},"loc":{"start":{"line":13,"column":22},"end":{"line":28,"column":5}}}},"branchMap":{"0":{"loc":{"start":{"line":18,"column":8},"end":{"line":27,"column":9}},"type":"if","locations":[{"start":{"line":18,"column":8},"end":{"line":27,"column":9}},{"start":{"line":25,"column":15},"end":{"line":27,"column":9}}]},"1":{"loc":{"start":{"line":10,"column":42},"end":{"line":10,"column":58}},"type":"cond-expr","locations":[{"start":{"line":10,"column":52},"end":{"line":10,"column":58}},{"start":{"line":10,"column":52},"end":{"line":10,"column":58}}]},"2":{"loc":{"start":{"line":10,"column":42},"end":{"line":10,"column":52}},"type":"binary-expr","locations":[{"start":{"line":10,"column":42},"end":{"line":10,"column":58}},{"start":{"line":10,"column":42},"end":{"line":10,"column":52}}]}},"s":{"0":1,"1":1,"2":1,"3":1,"4":1,"5":2,"6":2,"7":2,"8":1,"9":1,"10":1,"11":1,"12":1,"13":1},"f":{"0":2,"1":2},"b":{"0":[1,1],"1":[1,0],"2":[1,1]}}
,"/Users/f/projects/concert-app/backend/src/histories/histories.controller.ts": {"path":"/Users/f/projects/concert-app/backend/src/histories/histories.controller.ts","statementMap":{"0":{"start":{"line":1,"column":0},"end":{"line":1,"column":83}},"1":{"start":{"line":2,"column":0},"end":{"line":2,"column":55}},"2":{"start":{"line":3,"column":0},"end":{"line":3,"column":60}},"3":{"start":{"line":4,"column":0},"end":{"line":4,"column":60}},"4":{"start":{"line":7,"column":7},"end":{"line":34,"column":null}},"5":{"start":{"line":8,"column":31},"end":{"line":8,"column":49}},"6":{"start":{"line":12,"column":4},"end":{"line":12,"column":58}},"7":{"start":{"line":17,"column":4},"end":{"line":17,"column":43}},"8":{"start":{"line":22,"column":4},"end":{"line":22,"column":46}},"9":{"start":{"line":27,"column":4},"end":{"line":27,"column":63}},"10":{"start":{"line":32,"column":4},"end":{"line":32,"column":45}},"11":{"start":{"line":7,"column":13},"end":{"line":7,"column":32}},"12":{"start":{"line":11,"column":2},"end":{"line":13,"column":null}},"13":{"start":{"line":16,"column":2},"end":{"line":18,"column":null}},"14":{"start":{"line":21,"column":2},"end":{"line":23,"column":null}},"15":{"start":{"line":26,"column":2},"end":{"line":28,"column":null}},"16":{"start":{"line":31,"column":2},"end":{"line":33,"column":null}},"17":{"start":{"line":7,"column":13},"end":{"line":34,"column":null}}},"fnMap":{"0":{"name":"(anonymous_4)","decl":{"start":{"line":8,"column":2},"end":{"line":8,"column":31}},"loc":{"start":{"line":8,"column":65},"end":{"line":8,"column":69}}},"1":{"name":"(anonymous_5)","decl":{"start":{"line":11,"column":2},"end":{"line":11,"column":8}},"loc":{"start":{"line":11,"column":51},"end":{"line":13,"column":3}}},"2":{"name":"(anonymous_6)","decl":{"start":{"line":16,"column":2},"end":{"line":16,"column":9}},"loc":{"start":{"line":16,"column":9},"end":{"line":18,"column":3}}},"3":{"name":"(anonymous_7)","decl":{"start":{"line":21,"column":2},"end":{"line":21,"column":9}},"loc":{"start":{"line":21,"column":33},"end":{"line":23,"column":3}}},"4":{"name":"(anonymous_8)","decl":{"start":{"line":26,"column":2},"end":{"line":26,"column":8}},"loc":{"start":{"line":26,"column":76},"end":{"line":28,"column":3}}},"5":{"name":"(anonymous_9)","decl":{"start":{"line":31,"column":2},"end":{"line":31,"column":8}},"loc":{"start":{"line":31,"column":32},"end":{"line":33,"column":3}}}},"branchMap":{"0":{"loc":{"start":{"line":11,"column":35},"end":{"line":11,"column":null}},"type":"cond-expr","locations":[{"start":{"line":11,"column":51},"end":{"line":11,"column":null}},{"start":{"line":11,"column":51},"end":{"line":11,"column":null}}]},"1":{"loc":{"start":{"line":11,"column":35},"end":{"line":11,"column":51}},"type":"binary-expr","locations":[{"start":{"line":11,"column":35},"end":{"line":11,"column":null}},{"start":{"line":11,"column":35},"end":{"line":11,"column":51}}]},"2":{"loc":{"start":{"line":26,"column":60},"end":{"line":26,"column":null}},"type":"cond-expr","locations":[{"start":{"line":26,"column":76},"end":{"line":26,"column":null}},{"start":{"line":26,"column":76},"end":{"line":26,"column":null}}]},"3":{"loc":{"start":{"line":26,"column":60},"end":{"line":26,"column":76}},"type":"binary-expr","locations":[{"start":{"line":26,"column":60},"end":{"line":26,"column":null}},{"start":{"line":26,"column":60},"end":{"line":26,"column":76}}]},"4":{"loc":{"start":{"line":8,"column":49},"end":{"line":8,"column":68}},"type":"cond-expr","locations":[{"start":{"line":8,"column":65},"end":{"line":8,"column":68}},{"start":{"line":8,"column":65},"end":{"line":8,"column":68}}]},"5":{"loc":{"start":{"line":8,"column":49},"end":{"line":8,"column":65}},"type":"binary-expr","locations":[{"start":{"line":8,"column":49},"end":{"line":8,"column":68}},{"start":{"line":8,"column":49},"end":{"line":8,"column":65}}]}},"s":{"0":1,"1":1,"2":1,"3":1,"4":1,"5":6,"6":1,"7":1,"8":1,"9":1,"10":1,"11":1,"12":1,"13":1,"14":1,"15":1,"16":1,"17":1},"f":{"0":6,"1":1,"2":1,"3":1,"4":1,"5":1},"b":{"0":[1,0],"1":[1,1],"2":[1,0],"3":[1,1],"4":[1,0],"5":[1,1]}}
,"/Users/f/projects/concert-app/backend/src/histories/histories.module.ts": {"path":"/Users/f/projects/concert-app/backend/src/histories/histories.module.ts","statementMap":{"0":{"start":{"line":1,"column":0},"end":{"line":1,"column":40}},"1":{"start":{"line":2,"column":0},"end":{"line":2,"column":55}},"2":{"start":{"line":3,"column":0},"end":{"line":3,"column":61}},"3":{"start":{"line":4,"column":0},"end":{"line":4,"column":48}},"4":{"start":{"line":5,"column":0},"end":{"line":5,"column":52}},"5":{"start":{"line":13,"column":7},"end":{"line":13,"column":null}},"6":{"start":{"line":13,"column":13},"end":{"line":13,"column":28}},"7":{"start":{"line":13,"column":13},"end":{"line":13,"column":null}}},"fnMap":{},"branchMap":{},"s":{"0":0,"1":0,"2":0,"3":0,"4":0,"5":0,"6":0,"7":0},"f":{},"b":{}}
,"/Users/f/projects/concert-app/backend/src/histories/histories.service.ts": {"path":"/Users/f/projects/concert-app/backend/src/histories/histories.service.ts","statementMap":{"0":{"start":{"line":1,"column":0},"end":{"line":1,"column":44}},"1":{"start":{"line":4,"column":0},"end":{"line":4,"column":37}},"2":{"start":{"line":5,"column":0},"end":{"line":5,"column":52}},"3":{"start":{"line":6,"column":0},"end":{"line":6,"column":82}},"4":{"start":{"line":9,"column":7},"end":{"line":50,"column":null}},"5":{"start":{"line":12,"column":12},"end":{"line":12,"column":33}},"6":{"start":{"line":16,"column":20},"end":{"line":20,"column":6}},"7":{"start":{"line":22,"column":4},"end":{"line":22,"column":56}},"8":{"start":{"line":26,"column":22},"end":{"line":29,"column":6}},"9":{"start":{"line":30,"column":4},"end":{"line":36,"column":8}},"10":{"start":{"line":30,"column":31},"end":{"line":36,"column":6}},"11":{"start":{"line":40,"column":4},"end":{"line":40,"column":50}},"12":{"start":{"line":44,"column":4},"end":{"line":44,"column":50}},"13":{"start":{"line":48,"column":4},"end":{"line":48,"column":50}},"14":{"start":{"line":9,"column":13},"end":{"line":9,"column":29}},"15":{"start":{"line":9,"column":13},"end":{"line":50,"column":null}}},"fnMap":{"0":{"name":"(anonymous_4)","decl":{"start":{"line":10,"column":2},"end":{"line":10,"column":null}},"loc":{"start":{"line":12,"column":52},"end":{"line":13,"column":7}}},"1":{"name":"(anonymous_5)","decl":{"start":{"line":15,"column":2},"end":{"line":15,"column":7}},"loc":{"start":{"line":15,"column":49},"end":{"line":23,"column":3}}},"2":{"name":"(anonymous_6)","decl":{"start":{"line":25,"column":2},"end":{"line":25,"column":7}},"loc":{"start":{"line":25,"column":15},"end":{"line":37,"column":3}}},"3":{"name":"(anonymous_7)","decl":{"start":{"line":30,"column":25},"end":{"line":30,"column":26}},"loc":{"start":{"line":30,"column":31},"end":{"line":36,"column":6}}},"4":{"name":"(anonymous_8)","decl":{"start":{"line":39,"column":2},"end":{"line":39,"column":9}},"loc":{"start":{"line":39,"column":20},"end":{"line":41,"column":3}}},"5":{"name":"(anonymous_9)","decl":{"start":{"line":43,"column":2},"end":{"line":43,"column":8}},"loc":{"start":{"line":43,"column":55},"end":{"line":45,"column":3}}},"6":{"name":"(anonymous_10)","decl":{"start":{"line":47,"column":2},"end":{"line":47,"column":8}},"loc":{"start":{"line":47,"column":19},"end":{"line":49,"column":3}}}},"branchMap":{"0":{"loc":{"start":{"line":12,"column":33},"end":{"line":12,"column":52}},"type":"cond-expr","locations":[{"start":{"line":12,"column":43},"end":{"line":12,"column":52}},{"start":{"line":12,"column":43},"end":{"line":12,"column":52}}]},"1":{"loc":{"start":{"line":12,"column":33},"end":{"line":12,"column":43}},"type":"binary-expr","locations":[{"start":{"line":12,"column":33},"end":{"line":12,"column":52}},{"start":{"line":12,"column":33},"end":{"line":12,"column":43}}]}},"s":{"0":4,"1":4,"2":4,"3":4,"4":4,"5":6,"6":1,"7":1,"8":1,"9":1,"10":1,"11":1,"12":1,"13":1,"14":4,"15":4},"f":{"0":6,"1":1,"2":1,"3":1,"4":1,"5":1,"6":1},"b":{"0":[4,0],"1":[4,4]}}
,"/Users/f/projects/concert-app/backend/src/histories/dto/create-history.dto.ts": {"path":"/Users/f/projects/concert-app/backend/src/histories/dto/create-history.dto.ts","statementMap":{"0":{"start":{"line":1,"column":0},"end":{"line":1,"column":53}},"1":{"start":{"line":3,"column":0},"end":{"line":3,"column":13}},"2":{"start":{"line":5,"column":4},"end":{"line":5,"column":null}},"3":{"start":{"line":8,"column":4},"end":{"line":8,"column":null}},"4":{"start":{"line":11,"column":4},"end":{"line":11,"column":20}}},"fnMap":{},"branchMap":{},"s":{"0":1,"1":1,"2":1,"3":1,"4":1},"f":{},"b":{}}
,"/Users/f/projects/concert-app/backend/src/histories/dto/update-history.dto.ts": {"path":"/Users/f/projects/concert-app/backend/src/histories/dto/update-history.dto.ts","statementMap":{"0":{"start":{"line":1,"column":0},"end":{"line":1,"column":51}},"1":{"start":{"line":2,"column":0},"end":{"line":2,"column":56}},"2":{"start":{"line":4,"column":0},"end":{"line":4,"column":13}}},"fnMap":{},"branchMap":{},"s":{"0":1,"1":1,"2":1},"f":{},"b":{}}
,"/Users/f/projects/concert-app/backend/src/histories/entities/history.entity.ts": {"path":"/Users/f/projects/concert-app/backend/src/histories/entities/history.entity.ts","statementMap":{"0":{"start":{"line":1,"column":0},"end":{"line":1,"column":63}},"1":{"start":{"line":2,"column":0},"end":{"line":2,"column":54}},"2":{"start":{"line":3,"column":0},"end":{"line":3,"column":106}},"3":{"start":{"line":6,"column":7},"end":{"line":29,"column":null}},"4":{"start":{"line":6,"column":13},"end":{"line":6,"column":20}},"5":{"start":{"line":8,"column":2},"end":{"line":8,"column":null}},"6":{"start":{"line":11,"column":2},"end":{"line":11,"column":null}},"7":{"start":{"line":15,"column":2},"end":{"line":15,"column":null}},"8":{"start":{"line":13,"column":19},"end":{"line":13,"column":23}},"9":{"start":{"line":18,"column":2},"end":{"line":18,"column":null}},"10":{"start":{"line":22,"column":2},"end":{"line":22,"column":null}},"11":{"start":{"line":20,"column":19},"end":{"line":20,"column":26}},"12":{"start":{"line":25,"column":2},"end":{"line":25,"column":null}},"13":{"start":{"line":28,"column":2},"end":{"line":28,"column":18}},"14":{"start":{"line":6,"column":13},"end":{"line":29,"column":null}}},"fnMap":{"0":{"name":"(anonymous_2)","decl":{"start":{"line":13,"column":13},"end":{"line":13,"column":16}},"loc":{"start":{"line":13,"column":19},"end":{"line":13,"column":23}}},"1":{"name":"(anonymous_3)","decl":{"start":{"line":20,"column":13},"end":{"line":20,"column":16}},"loc":{"start":{"line":20,"column":19},"end":{"line":20,"column":26}}}},"branchMap":{"0":{"loc":{"start":{"line":11,"column":12},"end":{"line":11,"column":17}},"type":"cond-expr","locations":[{"start":{"line":11,"column":16},"end":{"line":11,"column":17}},{"start":{"line":11,"column":16},"end":{"line":11,"column":17}}]},"1":{"loc":{"start":{"line":11,"column":12},"end":{"line":11,"column":16}},"type":"binary-expr","locations":[{"start":{"line":11,"column":12},"end":{"line":11,"column":17}},{"start":{"line":11,"column":12},"end":{"line":11,"column":16}}]},"2":{"loc":{"start":{"line":15,"column":8},"end":{"line":15,"column":13}},"type":"cond-expr","locations":[{"start":{"line":15,"column":12},"end":{"line":15,"column":13}},{"start":{"line":15,"column":12},"end":{"line":15,"column":13}}]},"3":{"loc":{"start":{"line":15,"column":8},"end":{"line":15,"column":12}},"type":"binary-expr","locations":[{"start":{"line":15,"column":8},"end":{"line":15,"column":13}},{"start":{"line":15,"column":8},"end":{"line":15,"column":12}}]},"4":{"loc":{"start":{"line":22,"column":11},"end":{"line":22,"column":19}},"type":"cond-expr","locations":[{"start":{"line":22,"column":18},"end":{"line":22,"column":19}},{"start":{"line":22,"column":18},"end":{"line":22,"column":19}}]},"5":{"loc":{"start":{"line":22,"column":11},"end":{"line":22,"column":18}},"type":"binary-expr","locations":[{"start":{"line":22,"column":11},"end":{"line":22,"column":19}},{"start":{"line":22,"column":11},"end":{"line":22,"column":18}}]}},"s":{"0":4,"1":4,"2":4,"3":4,"4":4,"5":4,"6":4,"7":4,"8":0,"9":4,"10":4,"11":0,"12":4,"13":4,"14":4},"f":{"0":0,"1":0},"b":{"0":[4,0],"1":[4,4],"2":[4,0],"3":[4,4],"4":[4,0],"5":[4,4]}}
,"/Users/f/projects/concert-app/backend/src/users/users.controller.ts": {"path":"/Users/f/projects/concert-app/backend/src/users/users.controller.ts","statementMap":{"0":{"start":{"line":1,"column":0},"end":{"line":1,"column":83}},"1":{"start":{"line":2,"column":0},"end":{"line":2,"column":47}},"2":{"start":{"line":3,"column":0},"end":{"line":3,"column":54}},"3":{"start":{"line":4,"column":0},"end":{"line":4,"column":54}},"4":{"start":{"line":7,"column":7},"end":{"line":34,"column":null}},"5":{"start":{"line":8,"column":31},"end":{"line":8,"column":45}},"6":{"start":{"line":12,"column":4},"end":{"line":12,"column":51}},"7":{"start":{"line":17,"column":4},"end":{"line":17,"column":39}},"8":{"start":{"line":22,"column":4},"end":{"line":22,"column":42}},"9":{"start":{"line":27,"column":4},"end":{"line":27,"column":56}},"10":{"start":{"line":32,"column":4},"end":{"line":32,"column":41}},"11":{"start":{"line":7,"column":13},"end":{"line":7,"column":28}},"12":{"start":{"line":11,"column":2},"end":{"line":13,"column":null}},"13":{"start":{"line":16,"column":2},"end":{"line":18,"column":null}},"14":{"start":{"line":21,"column":2},"end":{"line":23,"column":null}},"15":{"start":{"line":26,"column":2},"end":{"line":28,"column":null}},"16":{"start":{"line":31,"column":2},"end":{"line":33,"column":null}},"17":{"start":{"line":7,"column":13},"end":{"line":34,"column":null}}},"fnMap":{"0":{"name":"(anonymous_4)","decl":{"start":{"line":8,"column":2},"end":{"line":8,"column":31}},"loc":{"start":{"line":8,"column":57},"end":{"line":8,"column":61}}},"1":{"name":"(anonymous_5)","decl":{"start":{"line":11,"column":2},"end":{"line":11,"column":8}},"loc":{"start":{"line":11,"column":45},"end":{"line":13,"column":3}}},"2":{"name":"(anonymous_6)","decl":{"start":{"line":16,"column":2},"end":{"line":16,"column":9}},"loc":{"start":{"line":16,"column":9},"end":{"line":18,"column":3}}},"3":{"name":"(anonymous_7)","decl":{"start":{"line":21,"column":2},"end":{"line":21,"column":9}},"loc":{"start":{"line":21,"column":33},"end":{"line":23,"column":3}}},"4":{"name":"(anonymous_8)","decl":{"start":{"line":26,"column":2},"end":{"line":26,"column":8}},"loc":{"start":{"line":26,"column":70},"end":{"line":28,"column":3}}},"5":{"name":"(anonymous_9)","decl":{"start":{"line":31,"column":2},"end":{"line":31,"column":8}},"loc":{"start":{"line":31,"column":32},"end":{"line":33,"column":3}}}},"branchMap":{"0":{"loc":{"start":{"line":11,"column":32},"end":{"line":11,"column":null}},"type":"cond-expr","locations":[{"start":{"line":11,"column":45},"end":{"line":11,"column":null}},{"start":{"line":11,"column":45},"end":{"line":11,"column":null}}]},"1":{"loc":{"start":{"line":11,"column":32},"end":{"line":11,"column":45}},"type":"binary-expr","locations":[{"start":{"line":11,"column":32},"end":{"line":11,"column":null}},{"start":{"line":11,"column":32},"end":{"line":11,"column":45}}]},"2":{"loc":{"start":{"line":26,"column":57},"end":{"line":26,"column":null}},"type":"cond-expr","locations":[{"start":{"line":26,"column":70},"end":{"line":26,"column":null}},{"start":{"line":26,"column":70},"end":{"line":26,"column":null}}]},"3":{"loc":{"start":{"line":26,"column":57},"end":{"line":26,"column":70}},"type":"binary-expr","locations":[{"start":{"line":26,"column":57},"end":{"line":26,"column":null}},{"start":{"line":26,"column":57},"end":{"line":26,"column":70}}]},"4":{"loc":{"start":{"line":8,"column":45},"end":{"line":8,"column":60}},"type":"cond-expr","locations":[{"start":{"line":8,"column":57},"end":{"line":8,"column":60}},{"start":{"line":8,"column":57},"end":{"line":8,"column":60}}]},"5":{"loc":{"start":{"line":8,"column":45},"end":{"line":8,"column":57}},"type":"binary-expr","locations":[{"start":{"line":8,"column":45},"end":{"line":8,"column":60}},{"start":{"line":8,"column":45},"end":{"line":8,"column":57}}]}},"s":{"0":1,"1":1,"2":1,"3":1,"4":1,"5":6,"6":1,"7":1,"8":1,"9":1,"10":1,"11":1,"12":1,"13":1,"14":1,"15":1,"16":1,"17":1},"f":{"0":6,"1":1,"2":1,"3":1,"4":1,"5":1},"b":{"0":[1,0],"1":[1,1],"2":[1,0],"3":[1,1],"4":[1,0],"5":[1,1]}}
,"/Users/f/projects/concert-app/backend/src/users/users.module.ts": {"path":"/Users/f/projects/concert-app/backend/src/users/users.module.ts","statementMap":{"0":{"start":{"line":1,"column":0},"end":{"line":1,"column":40}},"1":{"start":{"line":2,"column":0},"end":{"line":2,"column":47}},"2":{"start":{"line":3,"column":0},"end":{"line":3,"column":53}},"3":{"start":{"line":4,"column":0},"end":{"line":4,"column":68}},"4":{"start":{"line":5,"column":0},"end":{"line":5,"column":46}},"5":{"start":{"line":12,"column":7},"end":{"line":12,"column":null}},"6":{"start":{"line":12,"column":13},"end":{"line":12,"column":24}},"7":{"start":{"line":12,"column":13},"end":{"line":12,"column":null}}},"fnMap":{},"branchMap":{},"s":{"0":0,"1":0,"2":0,"3":0,"4":0,"5":0,"6":0,"7":0},"f":{},"b":{}}
,"/Users/f/projects/concert-app/backend/src/users/users.service.ts": {"path":"/Users/f/projects/concert-app/backend/src/users/users.service.ts","statementMap":{"0":{"start":{"line":1,"column":0},"end":{"line":1,"column":44}},"1":{"start":{"line":6,"column":7},"end":{"line":26,"column":null}},"2":{"start":{"line":8,"column":4},"end":{"line":8,"column":41}},"3":{"start":{"line":12,"column":4},"end":{"line":12,"column":43}},"4":{"start":{"line":16,"column":4},"end":{"line":16,"column":47}},"5":{"start":{"line":20,"column":4},"end":{"line":20,"column":47}},"6":{"start":{"line":24,"column":4},"end":{"line":24,"column":47}},"7":{"start":{"line":6,"column":13},"end":{"line":6,"column":25}},"8":{"start":{"line":6,"column":13},"end":{"line":26,"column":null}}},"fnMap":{"0":{"name":"(anonymous_1)","decl":{"start":{"line":7,"column":2},"end":{"line":7,"column":8}},"loc":{"start":{"line":7,"column":37},"end":{"line":9,"column":3}}},"1":{"name":"(anonymous_2)","decl":{"start":{"line":11,"column":2},"end":{"line":11,"column":9}},"loc":{"start":{"line":11,"column":9},"end":{"line":13,"column":3}}},"2":{"name":"(anonymous_3)","decl":{"start":{"line":15,"column":2},"end":{"line":15,"column":9}},"loc":{"start":{"line":15,"column":20},"end":{"line":17,"column":3}}},"3":{"name":"(anonymous_4)","decl":{"start":{"line":19,"column":2},"end":{"line":19,"column":8}},"loc":{"start":{"line":19,"column":49},"end":{"line":21,"column":3}}},"4":{"name":"(anonymous_5)","decl":{"start":{"line":23,"column":2},"end":{"line":23,"column":8}},"loc":{"start":{"line":23,"column":19},"end":{"line":25,"column":3}}}},"branchMap":{},"s":{"0":2,"1":2,"2":1,"3":1,"4":1,"5":1,"6":1,"7":2,"8":2},"f":{"0":1,"1":1,"2":1,"3":1,"4":1},"b":{}}
,"/Users/f/projects/concert-app/backend/src/users/dto/create-user.dto.ts": {"path":"/Users/f/projects/concert-app/backend/src/users/dto/create-user.dto.ts","statementMap":{"0":{"start":{"line":1,"column":0},"end":{"line":1,"column":62}},"1":{"start":{"line":3,"column":0},"end":{"line":3,"column":13}},"2":{"start":{"line":5,"column":4},"end":{"line":5,"column":null}}},"fnMap":{},"branchMap":{},"s":{"0":1,"1":1,"2":1},"f":{},"b":{}}
,"/Users/f/projects/concert-app/backend/src/users/dto/update-user.dto.ts": {"path":"/Users/f/projects/concert-app/backend/src/users/dto/update-user.dto.ts","statementMap":{"0":{"start":{"line":1,"column":0},"end":{"line":1,"column":51}},"1":{"start":{"line":2,"column":0},"end":{"line":2,"column":50}},"2":{"start":{"line":4,"column":0},"end":{"line":4,"column":13}}},"fnMap":{},"branchMap":{},"s":{"0":1,"1":1,"2":1},"f":{},"b":{}}
,"/Users/f/projects/concert-app/backend/src/users/entities/user.entity.ts": {"path":"/Users/f/projects/concert-app/backend/src/users/entities/user.entity.ts","statementMap":{"0":{"start":{"line":1,"column":0},"end":{"line":1,"column":65}},"1":{"start":{"line":4,"column":7},"end":{"line":10,"column":null}},"2":{"start":{"line":4,"column":13},"end":{"line":4,"column":17}},"3":{"start":{"line":6,"column":2},"end":{"line":6,"column":null}},"4":{"start":{"line":9,"column":2},"end":{"line":9,"column":null}},"5":{"start":{"line":4,"column":13},"end":{"line":10,"column":null}}},"fnMap":{},"branchMap":{},"s":{"0":5,"1":5,"2":5,"3":5,"4":5,"5":5},"f":{},"b":{}}
}
