TN:
SF:src/app.controller.ts
FN:6,(anonymous_2)
FN:9,(anonymous_3)
FNF:2
FNH:2
FNDA:1,(anonymous_2)
FNDA:1,(anonymous_3)
DA:1,1
DA:2,1
DA:5,1
DA:6,1
DA:9,1
DA:10,1
LF:6
LH:6
BRDA:6,0,0,1
BRDA:6,0,1,0
BRDA:6,1,0,1
BRDA:6,1,1,1
BRF:4
BRH:3
end_of_record
TN:
SF:src/app.module.ts
FNF:0
FNH:0
DA:1,0
DA:2,0
DA:3,0
DA:4,0
DA:5,0
DA:6,0
DA:7,0
DA:8,0
DA:9,0
DA:30,0
LF:10
LH:0
BRF:0
BRH:0
end_of_record
TN:
SF:src/app.service.ts
FN:5,(anonymous_1)
FNF:1
FNH:1
FNDA:1,(anonymous_1)
DA:1,1
DA:4,1
DA:6,1
LF:3
LH:3
BRF:0
BRH:0
end_of_record
TN:
SF:src/main.ts
FN:4,bootstrap
FNF:1
FNH:0
FNDA:0,bootstrap
DA:1,0
DA:2,0
DA:5,0
DA:6,0
DA:11,0
DA:13,0
LF:6
LH:0
BRDA:11,0,0,0
BRDA:11,0,1,0
BRF:2
BRH:0
end_of_record
TN:
SF:src/concerts/concerts.controller.ts
FN:10,(anonymous_4)
FN:13,(anonymous_5)
FN:18,(anonymous_6)
FN:23,(anonymous_7)
FN:28,(anonymous_8)
FN:36,(anonymous_9)
FN:44,(anonymous_10)
FNF:7
FNH:7
FNDA:7,(anonymous_4)
FNDA:1,(anonymous_5)
FNDA:1,(anonymous_6)
FNDA:1,(anonymous_7)
FNDA:1,(anonymous_8)
FNDA:1,(anonymous_9)
FNDA:1,(anonymous_10)
DA:1,1
DA:2,1
DA:3,1
DA:5,1
DA:6,1
DA:9,1
DA:10,7
DA:13,1
DA:14,1
DA:18,1
DA:19,1
DA:23,1
DA:24,1
DA:28,1
DA:32,1
DA:36,1
DA:40,1
DA:44,1
DA:45,1
LF:19
LH:19
BRDA:13,0,0,1
BRDA:13,0,1,0
BRDA:13,1,0,1
BRDA:13,1,1,1
BRDA:30,2,0,1
BRDA:30,2,1,0
BRDA:30,3,0,1
BRDA:30,3,1,1
BRDA:38,4,0,1
BRDA:38,4,1,0
BRDA:38,5,0,1
BRDA:38,5,1,1
BRDA:10,6,0,1
BRDA:10,6,1,0
BRDA:10,7,0,1
BRDA:10,7,1,1
BRF:16
BRH:12
end_of_record
TN:
SF:src/concerts/concerts.module.ts
FNF:0
FNH:0
DA:1,0
DA:2,0
DA:3,0
DA:4,0
DA:5,0
DA:6,0
DA:13,0
LF:7
LH:0
BRF:0
BRH:0
end_of_record
TN:
SF:src/concerts/concerts.service.ts
FN:11,(anonymous_4)
FN:17,(anonymous_5)
FN:40,(anonymous_6)
FN:44,(anonymous_7)
FN:48,(anonymous_8)
FN:52,(anonymous_9)
FN:65,(anonymous_10)
FN:90,(anonymous_11)
FN:102,(anonymous_12)
FNF:9
FNH:7
FNDA:14,(anonymous_4)
FNDA:4,(anonymous_5)
FNDA:1,(anonymous_6)
FNDA:0,(anonymous_7)
FNDA:0,(anonymous_8)
FNDA:2,(anonymous_9)
FNDA:4,(anonymous_10)
FNDA:3,(anonymous_11)
FNDA:1,(anonymous_12)
DA:1,2
DA:2,2
DA:4,2
DA:5,2
DA:7,2
DA:10,2
DA:13,14
DA:14,14
DA:18,4
DA:19,4
DA:20,4
DA:22,3
DA:23,2
DA:26,2
DA:27,1
DA:31,1
DA:32,1
DA:36,1
DA:41,1
DA:45,0
DA:49,0
DA:53,2
DA:55,2
DA:56,1
DA:60,1
DA:62,1
DA:66,4
DA:70,4
DA:72,3
DA:73,1
DA:76,2
DA:77,1
DA:80,1
DA:82,1
DA:87,1
DA:91,3
DA:95,3
DA:97,2
DA:98,1
DA:101,1
DA:102,1
DA:105,1
DA:107,1
DA:113,1
LF:44
LH:42
BRDA:22,0,0,2
BRDA:22,0,1,1
BRDA:26,1,0,1
BRDA:26,1,1,1
BRDA:31,2,0,1
BRDA:31,2,1,0
BRDA:55,3,0,1
BRDA:55,3,1,1
BRDA:70,4,0,1
BRDA:70,4,1,3
BRDA:72,5,0,1
BRDA:72,5,1,2
BRDA:76,6,0,1
BRDA:76,6,1,1
BRDA:95,7,0,1
BRDA:95,7,1,2
BRDA:97,8,0,1
BRDA:97,8,1,1
BRDA:13,9,0,2
BRDA:13,9,1,0
BRDA:13,10,0,2
BRDA:13,10,1,2
BRDA:13,11,0,2
BRDA:13,11,1,0
BRDA:13,12,0,2
BRDA:13,12,1,2
BRF:26
BRH:23
end_of_record
TN:
SF:src/concerts/dto/cancel-concert.dto.ts
FNF:0
FNH:0
DA:1,1
DA:3,1
DA:5,1
LF:3
LH:3
BRF:0
BRH:0
end_of_record
TN:
SF:src/concerts/dto/create-concert.dto.ts
FNF:0
FNH:0
DA:1,1
DA:3,1
DA:5,1
DA:8,1
DA:11,1
DA:14,1
DA:17,1
LF:7
LH:7
BRF:0
BRH:0
end_of_record
TN:
SF:src/concerts/dto/reserve-concert.dto.ts
FNF:0
FNH:0
DA:1,1
DA:3,1
DA:5,1
LF:3
LH:3
BRF:0
BRH:0
end_of_record
TN:
SF:src/concerts/dto/update-concert.dto.ts
FNF:0
FNH:0
DA:1,0
DA:2,0
DA:4,0
LF:3
LH:0
BRF:0
BRH:0
end_of_record
TN:
SF:src/concerts/entities/concert.entity.ts
FNF:0
FNH:0
DA:1,4
DA:4,4
DA:6,4
DA:9,4
DA:12,4
DA:15,4
DA:18,4
DA:21,4
DA:24,4
LF:9
LH:9
BRDA:24,0,0,4
BRDA:24,0,1,0
BRDA:24,1,0,4
BRDA:24,1,1,4
BRF:4
BRH:3
end_of_record
TN:
SF:src/database/database.seed.ts
FN:8,(anonymous_4)
FN:13,(anonymous_5)
FNF:2
FNH:2
FNDA:2,(anonymous_4)
FNDA:2,(anonymous_5)
DA:1,1
DA:2,1
DA:3,1
DA:4,1
DA:7,1
DA:10,2
DA:14,2
DA:18,2
DA:19,1
DA:23,1
DA:24,1
DA:26,1
LF:12
LH:12
BRDA:18,0,0,1
BRDA:18,0,1,1
BRDA:10,1,0,1
BRDA:10,1,1,0
BRDA:10,2,0,1
BRDA:10,2,1,1
BRF:6
BRH:5
end_of_record
TN:
SF:src/histories/histories.controller.ts
FN:8,(anonymous_4)
FN:11,(anonymous_5)
FN:16,(anonymous_6)
FN:21,(anonymous_7)
FN:26,(anonymous_8)
FN:31,(anonymous_9)
FNF:6
FNH:6
FNDA:6,(anonymous_4)
FNDA:1,(anonymous_5)
FNDA:1,(anonymous_6)
FNDA:1,(anonymous_7)
FNDA:1,(anonymous_8)
FNDA:1,(anonymous_9)
DA:1,1
DA:2,1
DA:3,1
DA:4,1
DA:7,1
DA:8,6
DA:11,1
DA:12,1
DA:16,1
DA:17,1
DA:21,1
DA:22,1
DA:26,1
DA:27,1
DA:31,1
DA:32,1
LF:16
LH:16
BRDA:11,0,0,1
BRDA:11,0,1,0
BRDA:11,1,0,1
BRDA:11,1,1,1
BRDA:26,2,0,1
BRDA:26,2,1,0
BRDA:26,3,0,1
BRDA:26,3,1,1
BRDA:8,4,0,1
BRDA:8,4,1,0
BRDA:8,5,0,1
BRDA:8,5,1,1
BRF:12
BRH:9
end_of_record
TN:
SF:src/histories/histories.module.ts
FNF:0
FNH:0
DA:1,0
DA:2,0
DA:3,0
DA:4,0
DA:5,0
DA:13,0
LF:6
LH:0
BRF:0
BRH:0
end_of_record
TN:
SF:src/histories/histories.service.ts
FN:10,(anonymous_4)
FN:15,(anonymous_5)
FN:25,(anonymous_6)
FN:30,(anonymous_7)
FN:39,(anonymous_8)
FN:43,(anonymous_9)
FN:47,(anonymous_10)
FNF:7
FNH:7
FNDA:6,(anonymous_4)
FNDA:1,(anonymous_5)
FNDA:1,(anonymous_6)
FNDA:1,(anonymous_7)
FNDA:1,(anonymous_8)
FNDA:1,(anonymous_9)
FNDA:1,(anonymous_10)
DA:1,4
DA:4,4
DA:5,4
DA:6,4
DA:9,4
DA:12,6
DA:16,1
DA:22,1
DA:26,1
DA:30,1
DA:40,1
DA:44,1
DA:48,1
LF:13
LH:13
BRDA:12,0,0,4
BRDA:12,0,1,0
BRDA:12,1,0,4
BRDA:12,1,1,4
BRF:4
BRH:3
end_of_record
TN:
SF:src/histories/dto/create-history.dto.ts
FNF:0
FNH:0
DA:1,1
DA:3,1
DA:5,1
DA:8,1
DA:11,1
LF:5
LH:5
BRF:0
BRH:0
end_of_record
TN:
SF:src/histories/dto/update-history.dto.ts
FNF:0
FNH:0
DA:1,1
DA:2,1
DA:4,1
LF:3
LH:3
BRF:0
BRH:0
end_of_record
TN:
SF:src/histories/entities/history.entity.ts
FN:13,(anonymous_2)
FN:20,(anonymous_3)
FNF:2
FNH:0
FNDA:0,(anonymous_2)
FNDA:0,(anonymous_3)
DA:1,4
DA:2,4
DA:3,4
DA:6,4
DA:8,4
DA:11,4
DA:13,0
DA:15,4
DA:18,4
DA:20,0
DA:22,4
DA:25,4
DA:28,4
LF:13
LH:11
BRDA:11,0,0,4
BRDA:11,0,1,0
BRDA:11,1,0,4
BRDA:11,1,1,4
BRDA:15,2,0,4
BRDA:15,2,1,0
BRDA:15,3,0,4
BRDA:15,3,1,4
BRDA:22,4,0,4
BRDA:22,4,1,0
BRDA:22,5,0,4
BRDA:22,5,1,4
BRF:12
BRH:9
end_of_record
TN:
SF:src/users/users.controller.ts
FN:8,(anonymous_4)
FN:11,(anonymous_5)
FN:16,(anonymous_6)
FN:21,(anonymous_7)
FN:26,(anonymous_8)
FN:31,(anonymous_9)
FNF:6
FNH:6
FNDA:6,(anonymous_4)
FNDA:1,(anonymous_5)
FNDA:1,(anonymous_6)
FNDA:1,(anonymous_7)
FNDA:1,(anonymous_8)
FNDA:1,(anonymous_9)
DA:1,1
DA:2,1
DA:3,1
DA:4,1
DA:7,1
DA:8,6
DA:11,1
DA:12,1
DA:16,1
DA:17,1
DA:21,1
DA:22,1
DA:26,1
DA:27,1
DA:31,1
DA:32,1
LF:16
LH:16
BRDA:11,0,0,1
BRDA:11,0,1,0
BRDA:11,1,0,1
BRDA:11,1,1,1
BRDA:26,2,0,1
BRDA:26,2,1,0
BRDA:26,3,0,1
BRDA:26,3,1,1
BRDA:8,4,0,1
BRDA:8,4,1,0
BRDA:8,5,0,1
BRDA:8,5,1,1
BRF:12
BRH:9
end_of_record
TN:
SF:src/users/users.module.ts
FNF:0
FNH:0
DA:1,0
DA:2,0
DA:3,0
DA:4,0
DA:5,0
DA:12,0
LF:6
LH:0
BRF:0
BRH:0
end_of_record
TN:
SF:src/users/users.service.ts
FN:7,(anonymous_1)
FN:11,(anonymous_2)
FN:15,(anonymous_3)
FN:19,(anonymous_4)
FN:23,(anonymous_5)
FNF:5
FNH:5
FNDA:1,(anonymous_1)
FNDA:1,(anonymous_2)
FNDA:1,(anonymous_3)
FNDA:1,(anonymous_4)
FNDA:1,(anonymous_5)
DA:1,2
DA:6,2
DA:8,1
DA:12,1
DA:16,1
DA:20,1
DA:24,1
LF:7
LH:7
BRF:0
BRH:0
end_of_record
TN:
SF:src/users/dto/create-user.dto.ts
FNF:0
FNH:0
DA:1,1
DA:3,1
DA:5,1
LF:3
LH:3
BRF:0
BRH:0
end_of_record
TN:
SF:src/users/dto/update-user.dto.ts
FNF:0
FNH:0
DA:1,1
DA:2,1
DA:4,1
LF:3
LH:3
BRF:0
BRH:0
end_of_record
TN:
SF:src/users/entities/user.entity.ts
FNF:0
FNH:0
DA:1,5
DA:4,5
DA:6,5
DA:9,5
LF:4
LH:4
BRF:0
BRH:0
end_of_record
